2023-08-29 18:18:24,588 [INFO] Activator:176 - 


2023-08-29 18:18:24,602 [INFO] Activator:177 - !SESSION log4j initialized
2023-08-29 18:18:30,426 [ERROR] LogOutputStream:75 - [STDERR_REDIRECT] 
2023-08-29 18:18:36,219 [INFO] LogOutputStream:77 - [STDOUT_REDIRECT] 
2023-08-29 18:18:42,271 [INFO] ApplicationProperties:184 - Using Application install path: /Applications/STM32CubeIDE.app/Contents/Eclipse/plugins/com.st.stm32cube.common.mx_6.9.1.202307191849
2023-08-29 18:18:42,325 [INFO] DbMcusXml:78 - Set database path to: /Applications/STM32CubeIDE.app/Contents/Eclipse/plugins/com.st.stm32cube.common.mx_6.9.1.202307191849//db//mcu/
2023-08-29 18:18:42,326 [INFO] ApiDb:274 - Set plugin database path to: /Applications/STM32CubeIDE.app/Contents/Eclipse/plugins/com.st.stm32cube.common.mx_6.9.1.202307191849//db//plugins/boardmanager/
2023-08-29 18:18:42,327 [WARN] ApiDb:259 - Overriding images path with different value:  => /Applications/STM32CubeIDE.app/Contents/Eclipse/plugins/com.st.stm32cube.common.mx_6.9.1.202307191849//db//plugins/mcufinder/images/
2023-08-29 18:18:42,364 [INFO] ApiDb:250 - Set database path to: /Users/swikritishah/.stmcufinder/plugins/mcufinder//mcu/
2023-08-29 18:18:42,369 [INFO] DbMcusAds:125 - Set database path to: /Users/swikritishah/.stmcufinder/plugins/mcufinder//mcu/
2023-08-29 18:18:42,377 [INFO] CrossReferenceDbSqlite:203 - Set database path to: /Users/swikritishah/.stmcufinder/plugins/mcufinder//mcu/cs/
2023-08-29 18:18:42,856 [INFO] RulesReader:64 - Compatibility file has been processed (293 Rules)
2023-08-29 18:18:43,105 [INFO] DbMcusXml:78 - Set database path to: /Applications/STM32CubeIDE.app/Contents/Eclipse/plugins/com.st.stm32cube.common.mx_6.9.1.202307191849//db//mcu/
2023-08-29 18:18:43,105 [INFO] ApiDb:274 - Set plugin database path to: /Applications/STM32CubeIDE.app/Contents/Eclipse/plugins/com.st.stm32cube.common.mx_6.9.1.202307191849//db//plugins/boardmanager/
2023-08-29 18:18:43,106 [INFO] ApiDb:261 - Set plugin images path to: /Applications/STM32CubeIDE.app/Contents/Eclipse/plugins/com.st.stm32cube.common.mx_6.9.1.202307191849//db//plugins/mcufinder/images/
2023-08-29 18:18:43,107 [WARN] DbFile:41 - Overriding database path with different value: /Users/swikritishah/.stmcufinder/plugins/mcufinder/ => /Users/swikritishah/.stmcufinder/plugins/mcufinder
2023-08-29 18:18:43,107 [INFO] ApiDb:250 - Set database path to: /Users/swikritishah/.stmcufinder/plugins/mcufinder//mcu/
2023-08-29 18:18:43,108 [WARN] DbFile:41 - Overriding database path with different value: /Users/swikritishah/.stmcufinder/plugins/mcufinder/ => /Users/swikritishah/.stmcufinder/plugins/mcufinder
2023-08-29 18:18:43,108 [INFO] DbMcusAds:125 - Set database path to: /Users/swikritishah/.stmcufinder/plugins/mcufinder//mcu/
2023-08-29 18:18:43,109 [WARN] DbFile:41 - Overriding database path with different value: /Users/swikritishah/.stmcufinder/plugins/mcufinder/ => /Users/swikritishah/.stmcufinder/plugins/mcufinder
2023-08-29 18:18:43,109 [WARN] DbFile:41 - Overriding database path with different value: /Users/swikritishah/.stmcufinder/plugins/mcufinder/ => /Users/swikritishah/.stmcufinder/plugins/mcufinder
2023-08-29 18:18:43,109 [INFO] CrossReferenceDbSqlite:203 - Set database path to: /Users/swikritishah/.stmcufinder/plugins/mcufinder//mcu/cs/
2023-08-29 18:18:43,315 [INFO] MainPanel:262 - HeapMemory: 268435456
2023-08-29 18:18:43,675 [INFO] DbMcusXml:78 - Set database path to: /Applications/STM32CubeIDE.app/Contents/Eclipse/plugins/com.st.stm32cube.common.mx_6.9.1.202307191849//db//mcu/
2023-08-29 18:18:43,676 [INFO] ApiDb:274 - Set plugin database path to: /Applications/STM32CubeIDE.app/Contents/Eclipse/plugins/com.st.stm32cube.common.mx_6.9.1.202307191849//db//plugins/boardmanager/
2023-08-29 18:18:43,676 [INFO] ApiDb:261 - Set plugin images path to: /Applications/STM32CubeIDE.app/Contents/Eclipse/plugins/com.st.stm32cube.common.mx_6.9.1.202307191849//db//plugins/mcufinder/images/
2023-08-29 18:18:43,678 [WARN] DbFile:41 - Overriding database path with different value: /Users/swikritishah/.stmcufinder/plugins/mcufinder/ => /Users/swikritishah/.stmcufinder/plugins/mcufinder
2023-08-29 18:18:43,679 [INFO] ApiDb:250 - Set database path to: /Users/swikritishah/.stmcufinder/plugins/mcufinder//mcu/
2023-08-29 18:18:43,680 [WARN] DbFile:41 - Overriding database path with different value: /Users/swikritishah/.stmcufinder/plugins/mcufinder/ => /Users/swikritishah/.stmcufinder/plugins/mcufinder
2023-08-29 18:18:43,682 [INFO] DbMcusAds:125 - Set database path to: /Users/swikritishah/.stmcufinder/plugins/mcufinder//mcu/
2023-08-29 18:18:43,683 [WARN] DbFile:41 - Overriding database path with different value: /Users/swikritishah/.stmcufinder/plugins/mcufinder/ => /Users/swikritishah/.stmcufinder/plugins/mcufinder
2023-08-29 18:18:43,683 [WARN] DbFile:41 - Overriding database path with different value: /Users/swikritishah/.stmcufinder/plugins/mcufinder/ => /Users/swikritishah/.stmcufinder/plugins/mcufinder
2023-08-29 18:18:43,684 [INFO] CrossReferenceDbSqlite:203 - Set database path to: /Users/swikritishah/.stmcufinder/plugins/mcufinder//mcu/cs/
2023-08-29 18:18:43,759 [INFO] ApplicationProperties:184 - Using Application install path: /Applications/STM32CubeIDE.app/Contents/Eclipse/plugins/com.st.stm32cube.common.mx_6.9.1.202307191849
2023-08-29 18:18:43,765 [INFO] PluginManage:196 - Search for loadable plugins [exclusion list=, ]
2023-08-29 18:18:43,770 [INFO] PluginManage:310 - Check plugin analytics
2023-08-29 18:18:44,621 [INFO] AnalyticsPlugin:253 - Accepted Software Licenses: 
2023-08-29 18:18:44,622 [INFO] AnalyticsPlugin:255 - Accepted CMSIS Pack Licenses: 
2023-08-29 18:18:44,623 [INFO] AnalyticsPlugin:257 - Accepted Firmware Licenses: 
2023-08-29 18:18:44,635 [INFO] PluginManage:359 - Loaded plugin analytics (category:tool,tabindex:-1)
2023-08-29 18:18:44,636 [INFO] PluginManage:310 - Check plugin cadmodel
2023-08-29 18:18:46,822 [INFO] CADModel:105 - Init CAD model plugin
2023-08-29 18:18:46,822 [INFO] PluginManage:359 - Loaded plugin cadmodel (category:power,tabindex:5)
2023-08-29 18:18:46,823 [INFO] PluginManage:310 - Check plugin clock
2023-08-29 18:18:46,852 [INFO] PluginManage:359 - Loaded plugin clock (category:base,tabindex:2)
2023-08-29 18:18:46,852 [INFO] PluginManage:310 - Check plugin ddr
2023-08-29 18:18:46,862 [INFO] PluginManage:359 - Loaded plugin ddr (category:tool,tabindex:6)
2023-08-29 18:18:46,862 [INFO] PluginManage:310 - Check plugin filemanager
2023-08-29 18:18:47,219 [INFO] PluginManage:359 - Loaded plugin filemanager (category:base,tabindex:10)
2023-08-29 18:18:47,220 [INFO] PluginManage:310 - Check plugin ipmanager
2023-08-29 18:18:47,234 [INFO] PluginManage:359 - Loaded plugin ipmanager (category:base,tabindex:5)
2023-08-29 18:18:47,235 [INFO] PluginManage:310 - Check plugin lpbam
2023-08-29 18:18:47,254 [INFO] PluginManage:359 - Loaded plugin lpbam (category:base,tabindex:0)
2023-08-29 18:18:47,255 [INFO] PluginManage:310 - Check plugin memorymap
2023-08-29 18:18:47,285 [INFO] PluginManage:359 - Loaded plugin memorymap (category:base,tabindex:4)
2023-08-29 18:18:47,285 [INFO] PluginManage:310 - Check plugin pinoutandconfiguration
2023-08-29 18:18:47,301 [INFO] PluginManage:359 - Loaded plugin pinoutandconfiguration (category:base,tabindex:1)
2023-08-29 18:18:47,301 [INFO] PluginManage:310 - Check plugin pinoutconfig
2023-08-29 18:18:47,503 [WARN] SupportedApi:132 - Cannot load RTOS API schema: s4s-elt-must-match.1: The content of 'definitions' must match (annotation?, (simpleType | complexType)?, (unique | key | keyref)*)). A problem was found starting at: attribute.
2023-08-29 18:18:47,911 [INFO] PluginManage:359 - Loaded plugin pinoutconfig (category:base,tabindex:0)
2023-08-29 18:18:47,911 [INFO] PluginManage:310 - Check plugin power
2023-08-29 18:18:47,938 [INFO] PluginManage:359 - Loaded plugin power (category:power,tabindex:4)
2023-08-29 18:18:47,938 [INFO] PluginManage:310 - Check plugin projectmanager
2023-08-29 18:18:47,978 [INFO] PluginManage:359 - Loaded plugin projectmanager (category:projectmanager,tabindex:3)
2023-08-29 18:18:47,979 [INFO] PluginManage:310 - Check plugin thirdparty
2023-08-29 18:18:48,567 [WARN] IntegrityCheckThread:84 - waiting for thirdparty lock release [integrity check]
2023-08-29 18:18:48,568 [INFO] IntegrityCheckThread:86 - entering critical section [integrity check]
2023-08-29 18:18:48,570 [INFO] ThirdPartyUpdaterWithRetryManager:70 - Updater plugin not ready yet. [1/15]
2023-08-29 18:18:48,575 [INFO] PluginManage:359 - Loaded plugin thirdparty (category:base,tabindex:-1)
2023-08-29 18:18:48,576 [INFO] PluginManage:310 - Check plugin tools
2023-08-29 18:18:48,599 [INFO] PluginManage:359 - Loaded plugin tools (category:base,tabindex:7)
2023-08-29 18:18:48,600 [INFO] PluginManage:310 - Check plugin tutovideos
2023-08-29 18:18:49,374 [INFO] PluginManage:359 - Loaded plugin tutovideos (category:base,tabindex:-1)
2023-08-29 18:18:49,375 [INFO] PluginManage:310 - Check plugin updater
2023-08-29 18:18:49,441 [INFO] PluginManage:359 - Loaded plugin updater (category:base,tabindex:12)
2023-08-29 18:18:49,442 [INFO] PluginManage:310 - Check plugin userauth
2023-08-29 18:18:49,466 [INFO] UserAuth:113 - Init User Auth plugin
2023-08-29 18:18:49,466 [INFO] PluginManage:359 - Loaded plugin userauth (category:base,tabindex:14)
2023-08-29 18:18:49,468 [INFO] PluginManage:283 - PluginManage : Loaded plugins [17]
2023-08-29 18:18:50,196 [INFO] PinOutPanel:1499 - setPackage(No Configuration,No Configuration)
2023-08-29 18:18:50,485 [INFO] CADModel:165 - CPN selected for project level
2023-08-29 18:18:50,486 [INFO] CADModel:114 - Register for checkConnection events
2023-08-29 18:18:50,527 [INFO] IPUIPlugin:80 - create IPUIPlugin
2023-08-29 18:18:50,530 [INFO] PluginManager:220 - loadIPPluginJar : add mdma
2023-08-29 18:18:50,550 [INFO] IPUIPlugin:80 - create IPUIPlugin
2023-08-29 18:18:50,551 [INFO] PluginManager:220 - loadIPPluginJar : add freertos
2023-08-29 18:18:50,569 [INFO] IPUIPlugin:80 - create IPUIPlugin
2023-08-29 18:18:50,569 [INFO] PluginManager:220 - loadIPPluginJar : add gic
2023-08-29 18:18:50,592 [INFO] IPUIPlugin:80 - create IPUIPlugin
2023-08-29 18:18:50,593 [INFO] PluginManager:220 - loadIPPluginJar : add adc
2023-08-29 18:18:50,601 [INFO] IPUIPlugin:80 - create IPUIPlugin
2023-08-29 18:18:50,602 [INFO] PluginManager:220 - loadIPPluginJar : add gtzc
2023-08-29 18:18:50,604 [INFO] IPUIPlugin:80 - create IPUIPlugin
2023-08-29 18:18:50,605 [INFO] PluginManager:220 - loadIPPluginJar : add quadspi
2023-08-29 18:18:50,611 [INFO] IPUIPlugin:80 - create IPUIPlugin
2023-08-29 18:18:50,612 [INFO] PluginManager:220 - loadIPPluginJar : add aes
2023-08-29 18:18:50,620 [INFO] IPUIPlugin:80 - create IPUIPlugin
2023-08-29 18:18:50,621 [INFO] PluginManager:220 - loadIPPluginJar : add pdm2pcm
2023-08-29 18:18:50,625 [INFO] IPUIPlugin:80 - create IPUIPlugin
2023-08-29 18:18:50,626 [INFO] PluginManager:220 - loadIPPluginJar : add hash
2023-08-29 18:18:50,630 [INFO] IPUIPlugin:80 - create IPUIPlugin
2023-08-29 18:18:50,631 [INFO] PluginManager:220 - loadIPPluginJar : add tim
2023-08-29 18:18:50,635 [INFO] IPUIPlugin:80 - create IPUIPlugin
2023-08-29 18:18:50,635 [INFO] PluginManager:220 - loadIPPluginJar : add tsc
2023-08-29 18:18:50,639 [INFO] IPUIPlugin:80 - create IPUIPlugin
2023-08-29 18:18:50,639 [INFO] PluginManager:220 - loadIPPluginJar : add ts
2023-08-29 18:18:50,646 [INFO] IPUIPlugin:80 - create IPUIPlugin
2023-08-29 18:18:50,647 [INFO] PluginManager:220 - loadIPPluginJar : add can
2023-08-29 18:18:50,652 [INFO] IPUIPlugin:80 - create IPUIPlugin
2023-08-29 18:18:50,652 [INFO] PluginManager:220 - loadIPPluginJar : add dma3
2023-08-29 18:18:50,659 [INFO] IPUIPlugin:80 - create IPUIPlugin
2023-08-29 18:18:50,659 [INFO] PluginManager:220 - loadIPPluginJar : add dfsdm
2023-08-29 18:18:50,665 [INFO] IPUIPlugin:80 - create IPUIPlugin
2023-08-29 18:18:50,665 [INFO] PluginManager:220 - loadIPPluginJar : add spi
2023-08-29 18:18:50,671 [INFO] IPUIPlugin:80 - create IPUIPlugin
2023-08-29 18:18:50,671 [INFO] PluginManager:220 - loadIPPluginJar : add gfxmmu
2023-08-29 18:18:50,675 [INFO] IPUIPlugin:80 - create IPUIPlugin
2023-08-29 18:18:50,675 [INFO] PluginManager:220 - loadIPPluginJar : add genericplugin
2023-08-29 18:18:50,681 [INFO] IPUIPlugin:80 - create IPUIPlugin
2023-08-29 18:18:50,682 [INFO] PluginManager:220 - loadIPPluginJar : add cryp
2023-08-29 18:18:50,690 [INFO] IPUIPlugin:80 - create IPUIPlugin
2023-08-29 18:18:50,691 [INFO] PluginManager:220 - loadIPPluginJar : add gpio
2023-08-29 18:18:50,694 [INFO] IPUIPlugin:80 - create IPUIPlugin
2023-08-29 18:18:50,695 [INFO] PluginManager:220 - loadIPPluginJar : add comp
2023-08-29 18:18:50,699 [INFO] IPUIPlugin:80 - create IPUIPlugin
2023-08-29 18:18:50,700 [INFO] PluginManager:220 - loadIPPluginJar : add tracer_emb
2023-08-29 18:18:50,706 [INFO] IPUIPlugin:80 - create IPUIPlugin
2023-08-29 18:18:50,706 [INFO] PluginManager:220 - loadIPPluginJar : add openamp
2023-08-29 18:18:50,722 [INFO] IPUIPlugin:80 - create IPUIPlugin
2023-08-29 18:18:50,722 [INFO] PluginManager:220 - loadIPPluginJar : add stm32_wpan
2023-08-29 18:18:50,739 [INFO] IPUIPlugin:80 - create IPUIPlugin
2023-08-29 18:18:50,746 [INFO] PluginManager:220 - loadIPPluginJar : add plateformsettings
2023-08-29 18:18:50,755 [INFO] IPUIPlugin:80 - create IPUIPlugin
2023-08-29 18:18:50,755 [INFO] PluginManager:220 - loadIPPluginJar : add ipddr
2023-08-29 18:18:50,762 [INFO] IPUIPlugin:80 - create IPUIPlugin
2023-08-29 18:18:50,763 [INFO] PluginManager:220 - loadIPPluginJar : add usart
2023-08-29 18:18:50,766 [INFO] IPUIPlugin:80 - create IPUIPlugin
2023-08-29 18:18:50,767 [INFO] PluginManager:220 - loadIPPluginJar : add ltdc
2023-08-29 18:18:50,777 [INFO] IPUIPlugin:80 - create IPUIPlugin
2023-08-29 18:18:50,778 [INFO] PluginManager:220 - loadIPPluginJar : add nvic
2023-08-29 18:18:50,782 [INFO] IPUIPlugin:80 - create IPUIPlugin
2023-08-29 18:18:50,783 [INFO] PluginManager:220 - loadIPPluginJar : add fatfs
2023-08-29 18:18:50,801 [INFO] IPUIPlugin:80 - create IPUIPlugin
2023-08-29 18:18:50,801 [INFO] PluginManager:220 - loadIPPluginJar : add linkedlist
2023-08-29 18:18:50,844 [INFO] IPUIPlugin:80 - create IPUIPlugin
2023-08-29 18:18:50,845 [INFO] PluginManager:220 - loadIPPluginJar : add dma
2023-08-29 18:18:50,855 [INFO] IPUIPlugin:80 - create IPUIPlugin
2023-08-29 18:18:50,855 [INFO] PluginManager:220 - loadIPPluginJar : add fmc
2023-08-29 18:18:50,864 [INFO] IPUIPlugin:80 - create IPUIPlugin
2023-08-29 18:18:50,864 [INFO] PluginManager:220 - loadIPPluginJar : add i2s
2023-08-29 18:18:50,870 [INFO] IPUIPlugin:80 - create IPUIPlugin
2023-08-29 18:18:50,870 [INFO] PluginManager:220 - loadIPPluginJar : add ucpd
2023-08-29 18:18:50,876 [INFO] IPUIPlugin:80 - create IPUIPlugin
2023-08-29 18:18:50,876 [INFO] PluginManager:220 - loadIPPluginJar : add lorawan
2023-08-29 18:18:50,883 [INFO] IPUIPlugin:80 - create IPUIPlugin
2023-08-29 18:18:50,883 [INFO] PluginManager:220 - loadIPPluginJar : add opamp
2023-08-29 18:18:50,889 [INFO] IPUIPlugin:80 - create IPUIPlugin
2023-08-29 18:18:50,890 [INFO] PluginManager:220 - loadIPPluginJar : add i3c
2023-08-29 18:18:50,896 [INFO] IPUIPlugin:80 - create IPUIPlugin
2023-08-29 18:18:50,897 [INFO] PluginManager:220 - loadIPPluginJar : add touchsensing
2023-08-29 18:18:50,902 [INFO] IPUIPlugin:80 - create IPUIPlugin
2023-08-29 18:18:50,902 [INFO] PluginManager:220 - loadIPPluginJar : add i2c
2023-08-29 18:18:50,911 [INFO] IPUIPlugin:80 - create IPUIPlugin
2023-08-29 18:18:50,911 [INFO] PluginManager:220 - loadIPPluginJar : add resmgrutility
2023-08-29 18:18:50,919 [INFO] IPUIPlugin:80 - create IPUIPlugin
2023-08-29 18:18:50,920 [INFO] PluginManager:220 - loadIPPluginJar : add sai
2023-08-29 18:18:50,925 [INFO] IPUIPlugin:80 - create IPUIPlugin
2023-08-29 18:18:50,926 [INFO] PluginManager:220 - loadIPPluginJar : add usbx
2023-08-29 18:18:51,065 [INFO] CADModel:165 - CPN selected for project level
2023-08-29 18:18:51,065 [INFO] CADModel:114 - Register for checkConnection events
2023-08-29 18:18:51,066 [FATAL] Updater:308 - Updater called before beeing initialized
2023-08-29 18:18:51,066 [ERROR] CADModel:125 - Updater not yet initialized, retry later 
2023-08-29 18:18:51,547 [INFO] CADModel:165 - CPN selected for project level
2023-08-29 18:18:51,547 [INFO] CADModel:114 - Register for checkConnection events
2023-08-29 18:18:51,548 [FATAL] Updater:308 - Updater called before beeing initialized
2023-08-29 18:18:51,548 [ERROR] CADModel:125 - Updater not yet initialized, retry later 
2023-08-29 18:18:51,560 [FATAL] Updater:308 - Updater called before beeing initialized
2023-08-29 18:18:51,577 [INFO] ThirdPartyUpdaterWithRetryManager:70 - Updater plugin not ready yet. [2/15]
2023-08-29 18:18:51,763 [FATAL] Updater:308 - Updater called before beeing initialized
2023-08-29 18:18:51,783 [INFO] DbMcusAds:53 - JSON generation date=Wed Sep 29 23:55:09 PDT 2021 (1632984909247)
2023-08-29 18:18:51,784 [FATAL] Updater:308 - Updater called before beeing initialized
2023-08-29 18:18:52,025 [WARN] DetailPanel:346 - Failed to get advertising image, set to default
2023-08-29 18:18:52,222 [FATAL] Updater:308 - Updater called before beeing initialized
2023-08-29 18:18:52,225 [FATAL] Updater:308 - Updater called before beeing initialized
2023-08-29 18:18:52,225 [FATAL] Updater:308 - Updater called before beeing initialized
2023-08-29 18:18:52,226 [WARN] DetailPanel:346 - Failed to get advertising image, set to default
2023-08-29 18:18:52,227 [FATAL] Updater:308 - Updater called before beeing initialized
2023-08-29 18:18:52,286 [ERROR] Updater:1120 - MainUpdater not yet initialized. External WinMGr cannot be set.
2023-08-29 18:18:52,334 [INFO] Updater:1056 - Updater Version found : 6.9.1
2023-08-29 18:18:52,371 [INFO] ApplicationProperties:184 - Using Application install path: /Applications/STM32CubeIDE.app/Contents/Eclipse/plugins/com.st.stm32cube.common.mx_6.9.1.202307191849
2023-08-29 18:18:52,931 [INFO] MainUpdater:2868 - connection check result : 10
2023-08-29 18:18:52,932 [INFO] MainUpdater:3562 - Updater definition file requires update
2023-08-29 18:18:52,933 [INFO] MainUpdater:285 - Updater Check For Update Now.
2023-08-29 18:18:52,934 [INFO] MicroXplorer:498 - Change Database Version : DB.6.0.91
2023-08-29 18:18:52,946 [INFO] McuFinderGlobals:63 - Set McuFinder mode to 2 (CubeIDE integrated)
2023-08-29 18:18:52,946 [INFO] UserAuth:179 - activating auth plugin
2023-08-29 18:18:52,951 [INFO] UserAuth:393 - Internet connection configuration mode: 1
2023-08-29 18:18:52,995 [INFO] JxBrowserEngine:151 - Initiate JxBrowser Engine with user profile folder
2023-08-29 18:18:53,006 [INFO] ServerAccessManage:473 - Download File updaters.zip
2023-08-29 18:18:53,225 [INFO] FileExtend:240 - Unzip File : updaters.zip
2023-08-29 18:18:53,226 [INFO] FileExtend:255 - Standard Zip Deflate
2023-08-29 18:18:53,879 [INFO] ServerAccessManage:473 - Download File PacksControlFlags.xml
2023-08-29 18:18:54,102 [INFO] ServerAccessManage:473 - Download File cubemx.pidx
2023-08-29 18:18:54,581 [WARN] MainUpdater:1189 - Updater busy. Cannot search thirdparties
2023-08-29 18:18:54,583 [INFO] ThirdPartyUpdaterWithRetryManager:96 - Updater plugin is busy. [1/15]
2023-08-29 18:18:55,969 [INFO] ServerAccessManage:473 - Download File STMicroelectronics.X-CUBE-FREERTOS.pdsc
2023-08-29 18:18:57,587 [WARN] MainUpdater:1189 - Updater busy. Cannot search thirdparties
2023-08-29 18:18:57,596 [INFO] ThirdPartyUpdaterWithRetryManager:96 - Updater plugin is busy. [2/15]
2023-08-29 18:18:58,684 [INFO] WebApp:157 - Instantiating new browser for Auth
2023-08-29 18:18:59,253 [ERROR] ServerAccessManage:1096 - Problem, Http access forbiden
2023-08-29 18:18:59,279 [ERROR] ServerAccessManage:651 - Problem, Http access forbiden : RoweBots.I-CUBE-UNISONRTOS.pdsc.
2023-08-29 18:18:59,760 [WARN] PackLoader:240 - Cannot read IP mode file for STMicroelectronics.X-CUBE-FREERTOS.1.1.0
2023-08-29 18:18:59,768 [INFO] PopulateThirdPartyThread:66 - Ending populate Thread
2023-08-29 18:18:59,772 [INFO] ThirdParty:1030 - CMSIS Pack Vendor :STMicroelectronics X-CUBE-FREERTOS 1.1.0
2023-08-29 18:18:59,773 [INFO] LoadServerUpdatesThread:373 - End of LoadServerUpdate Thread
2023-08-29 18:18:59,949 [INFO] CheckServerUpdateThread:120 - End of CheckServer Thread
2023-08-29 18:19:00,910 [WARN] PackLoader:240 - Cannot read IP mode file for STMicroelectronics.X-CUBE-SMBUS.2.1.0
2023-08-29 18:19:00,983 [WARN] PackLoader:240 - Cannot read IP mode file for STMicroelectronics.X-CUBE-AZRTOS-F7.1.1.0
2023-08-29 18:19:01,017 [WARN] PackLoader:240 - Cannot read IP mode file for STMicroelectronics.FP-SNS-MOTENV1.4.3.2
2023-08-29 18:19:01,038 [WARN] PackLoader:240 - Cannot read IP mode file for STMicroelectronics.FP-SNS-FLIGHT1.5.0.2
2023-08-29 18:19:01,072 [WARN] PackLoader:240 - Cannot read IP mode file for STMicroelectronics.X-CUBE-DISPLAY.3.0.0
2023-08-29 18:19:01,131 [WARN] PackLoader:240 - Cannot read IP mode file for STMicroelectronics.X-CUBE-BLE1.7.0.0
2023-08-29 18:19:01,159 [WARN] PackLoader:240 - Cannot read IP mode file for emotas.I-CUBE-CANOPEN.1.3.0
2023-08-29 18:19:01,170 [WARN] PackLoader:240 - Cannot read IP mode file for STMicroelectronics.X-CUBE-TOUCHGFX.4.22.0
2023-08-29 18:19:01,192 [INFO] LogOutputStream:77 - [STDOUT_REDIRECT] 1 : Invalid condition id : UX_CORESTACK_Condition cause : null
2023-08-29 18:19:01,193 [INFO] LogOutputStream:77 - [STDOUT_REDIRECT] 1 : Invalid condition id : UX_CORESTACK_Condition cause : null
2023-08-29 18:19:01,194 [INFO] LogOutputStream:77 - [STDOUT_REDIRECT] 1 : Invalid condition id : UX_CORESTACK_Condition cause : null
2023-08-29 18:19:01,195 [INFO] LogOutputStream:77 - [STDOUT_REDIRECT] 1 : Invalid condition id : UX_CORESTACK_Condition cause : null
2023-08-29 18:19:01,196 [INFO] LogOutputStream:77 - [STDOUT_REDIRECT] 1 : Invalid condition id : UX_CORESTACK_Condition cause : null
2023-08-29 18:19:01,214 [WARN] PackLoader:240 - Cannot read IP mode file for STMicroelectronics.X-CUBE-AZRTOS-WL.2.0.0
2023-08-29 18:19:01,251 [WARN] PackLoader:240 - Cannot read IP mode file for WES.I-CUBE-Cesium.1.3.0
2023-08-29 18:19:01,269 [WARN] PackLoader:240 - Cannot read IP mode file for STMicroelectronics.X-CUBE-BLE2.3.3.0
2023-08-29 18:19:01,274 [INFO] WebApp:753 - Register for checkConnection events
2023-08-29 18:19:01,274 [INFO] WebApp:390 - Apply proxy settings
2023-08-29 18:19:01,286 [INFO] WebApp:455 - Chromium authenticates against System proxy
2023-08-29 18:19:01,291 [WARN] PackLoader:240 - Cannot read IP mode file for STMicroelectronics.X-CUBE-ALGOBUILD.1.3.0
2023-08-29 18:19:01,371 [WARN] PackLoader:240 - Cannot read IP mode file for STMicroelectronics.X-CUBE-AZRTOS-G0.1.1.0
2023-08-29 18:19:01,399 [WARN] PackLoader:240 - Cannot read IP mode file for STMicroelectronics.X-CUBE-NFC4.3.0.0
2023-08-29 18:19:01,418 [WARN] PackLoader:240 - Cannot read IP mode file for STMicroelectronics.FP-ATR-SIGFOX1.3.2.0
2023-08-29 18:19:01,606 [WARN] PackLoader:240 - Cannot read IP mode file for SEGGER.I-CUBE-embOS.1.3.1
2023-08-29 18:19:01,804 [WARN] PackLoader:240 - Cannot read IP mode file for STMicroelectronics.X-CUBE-GNSS1.6.0.0
2023-08-29 18:19:01,870 [WARN] PackLoader:240 - Cannot read IP mode file for STMicroelectronics.X-CUBE-AZRTOS-F4.1.1.0
2023-08-29 18:19:01,890 [WARN] PackLoader:240 - Cannot read IP mode file for wolfSSL.I-CUBE-wolfSSL.5.6.3
2023-08-29 18:19:01,947 [WARN] PackLoader:240 - Cannot read IP mode file for STMicroelectronics.X-CUBE-AZRTOS-L5.2.0.0
2023-08-29 18:19:02,061 [INFO] WebApp:188 - Starting web application
2023-08-29 18:19:02,063 [INFO] WebApp:520 - Web application path used /Applications/STM32CubeIDE.app/Contents/Eclipse/plugins/com.st.stm32cube.common.mx_6.9.1.202307191849/db/plugins/mcufinder/reactClient1/index.html
2023-08-29 18:19:02,098 [WARN] PackLoader:240 - Cannot read IP mode file for STMicroelectronics.X-CUBE-MEMS1.9.6.0
2023-08-29 18:19:02,714 [WARN] PackLoader:240 - Cannot read IP mode file for STMicroelectronics.X-CUBE-BLEMGR.2.0.0
2023-08-29 18:19:02,814 [WARN] ConditionMgr:438 - getConditionDescription Invalid condition id : UX DEVICE CLASS RTOS Condition cause : null
2023-08-29 18:19:02,816 [WARN] ConditionMgr:438 - getConditionDescription Invalid condition id : UX DEVICE CLASS RTOS Condition cause : null
2023-08-29 18:19:02,835 [WARN] PackLoader:240 - Cannot read IP mode file for STMicroelectronics.X-CUBE-AZRTOS-H7.3.1.0
2023-08-29 18:19:02,840 [WARN] ConditionMgr:1039 - genDependencies : Invalid condition id : UX DEVICE CLASS RTOS Condition cause : null
2023-08-29 18:19:02,841 [WARN] ConditionMgr:1039 - genDependencies : Invalid condition id : UX DEVICE CLASS RTOS Condition cause : null
2023-08-29 18:19:02,844 [WARN] ConditionMgr:1039 - genDependencies : Invalid condition id : UX DEVICE CLASS RTOS Condition cause : null
2023-08-29 18:19:02,846 [WARN] ConditionMgr:1039 - genDependencies : Invalid condition id : UX DEVICE CLASS RTOS Condition cause : null
2023-08-29 18:19:02,847 [WARN] ConditionMgr:1039 - genDependencies : Invalid condition id : UX DEVICE CLASS RTOS Condition cause : null
2023-08-29 18:19:02,875 [WARN] PackLoader:240 - Cannot read IP mode file for STMicroelectronics.X-CUBE-NFC7.1.0.1
2023-08-29 18:19:02,928 [WARN] PackLoader:240 - Cannot read IP mode file for STMicroelectronics.X-CUBE-EEPRMA1.4.1.0
2023-08-29 18:19:02,944 [WARN] PackLoader:240 - Cannot read IP mode file for STMicroelectronics.X-CUBE-AI.8.1.0
2023-08-29 18:19:03,034 [WARN] ConditionMgr:438 - getConditionDescription Invalid condition id : LAN8742 Phy interface Condition cause : null
2023-08-29 18:19:03,038 [WARN] PackLoader:240 - Cannot read IP mode file for STMicroelectronics.X-CUBE-AZRTOS-L4.2.0.0
2023-08-29 18:19:03,042 [WARN] ConditionMgr:1039 - genDependencies : Invalid condition id : LAN8742 Phy interface Condition cause : null
2023-08-29 18:19:03,044 [WARN] ConditionMgr:1039 - genDependencies : Invalid condition id : LAN8742 Phy interface Condition cause : null
2023-08-29 18:19:03,046 [WARN] ConditionMgr:1039 - genDependencies : Invalid condition id : LAN8742 Phy interface Condition cause : null
2023-08-29 18:19:03,071 [WARN] PackLoader:240 - Cannot read IP mode file for STMicroelectronics.X-CUBE-SFXS2LP1.4.0.0
2023-08-29 18:19:03,085 [WARN] PackLoader:240 - Cannot read IP mode file for STMicroelectronics.X-CUBE-ISPU.1.1.0
2023-08-29 18:19:03,125 [WARN] ConditionMgr:438 - getConditionDescription Invalid condition id : UX DEVICE CLASS RTOS Condition cause : null
2023-08-29 18:19:03,126 [WARN] ConditionMgr:438 - getConditionDescription Invalid condition id : UX DEVICE CLASS RTOS Condition cause : null
2023-08-29 18:19:03,132 [WARN] PackLoader:240 - Cannot read IP mode file for STMicroelectronics.X-CUBE-AZRTOS-WB.2.0.0
2023-08-29 18:19:03,134 [WARN] ConditionMgr:1039 - genDependencies : Invalid condition id : UX DEVICE CLASS RTOS Condition cause : null
2023-08-29 18:19:03,134 [WARN] ConditionMgr:1039 - genDependencies : Invalid condition id : UX DEVICE CLASS RTOS Condition cause : null
2023-08-29 18:19:03,136 [WARN] ConditionMgr:1039 - genDependencies : Invalid condition id : UX DEVICE CLASS RTOS Condition cause : null
2023-08-29 18:19:03,137 [WARN] ConditionMgr:1039 - genDependencies : Invalid condition id : UX DEVICE CLASS RTOS Condition cause : null
2023-08-29 18:19:03,137 [WARN] ConditionMgr:1039 - genDependencies : Invalid condition id : UX DEVICE CLASS RTOS Condition cause : null
2023-08-29 18:19:03,153 [WARN] PackLoader:240 - Cannot read IP mode file for STMicroelectronics.X-CUBE-FREERTOS.1.0.1
2023-08-29 18:19:03,189 [WARN] PackLoader:240 - Cannot read IP mode file for STMicroelectronics.X-CUBE-SUBG2.5.0.0
2023-08-29 18:19:03,238 [WARN] PackLoader:240 - Cannot read IP mode file for STMicroelectronics.X-CUBE-TOF1.3.3.1
2023-08-29 18:19:03,322 [WARN] PackLoader:240 - Cannot read IP mode file for STMicroelectronics.X-CUBE-AZRTOS-G4.2.0.0
2023-08-29 18:19:03,352 [WARN] PackLoader:240 - Cannot read IP mode file for STMicroelectronics.X-CUBE-FREERTOS.1.1.0
2023-08-29 18:19:03,370 [WARN] PackLoader:240 - Cannot read IP mode file for portGmbH.I-Cube-SoM-uGOAL.1.1.0
2023-08-29 18:19:03,381 [WARN] PackLoader:240 - Cannot read IP mode file for STMicroelectronics.X-CUBE-ALS.1.0.1
2023-08-29 18:19:03,391 [WARN] PackLoader:240 - Cannot read IP mode file for STMicroelectronics.FP-ATR-ASTRA1.2.0.0
2023-08-29 18:19:03,393 [INFO] ThirdParty:978 - Integrity check success = true
2023-08-29 18:19:03,393 [INFO] IntegrityCheckThread:100 - exiting critical section [integrity check]
2023-08-29 18:19:03,394 [INFO] IntegrityCheckThread:103 - End integrity checks thread
2023-08-29 18:19:24,741 [ERROR] LogOutputStream:75 - [STDERR_REDIRECT] SLF4J: Failed to load class "org.slf4j.impl.StaticLoggerBinder".
2023-08-29 18:19:24,743 [ERROR] LogOutputStream:75 - [STDERR_REDIRECT] SLF4J: Defaulting to no-operation (NOP) logger implementation
2023-08-29 18:19:24,743 [ERROR] LogOutputStream:75 - [STDERR_REDIRECT] SLF4J: See http://www.slf4j.org/codes.html#StaticLoggerBinder for further details.
