2023-08-15 06:25:13,640 [INFO] Activator:176 - 


2023-08-15 06:25:13,643 [INFO] Activator:177 - !SESSION log4j initialized
2023-08-15 06:25:14,553 [ERROR] LogOutputStream:75 - [STDERR_REDIRECT] 
2023-08-15 06:25:15,793 [INFO] LogOutputStream:77 - [STDOUT_REDIRECT] 
2023-08-15 06:25:17,259 [INFO] LogOutputStream:77 - [STDOUT_REDIRECT] 
2023-08-15 06:25:19,902 [INFO] ApplicationProperties:184 - Using Application install path: /Applications/STM32CubeIDE.app/Contents/Eclipse/plugins/com.st.stm32cube.common.mx_6.9.1.202307191849
2023-08-15 06:25:19,932 [INFO] DbMcusXml:78 - Set database path to: /Applications/STM32CubeIDE.app/Contents/Eclipse/plugins/com.st.stm32cube.common.mx_6.9.1.202307191849//db//mcu/
2023-08-15 06:25:19,933 [INFO] ApiDb:274 - Set plugin database path to: /Applications/STM32CubeIDE.app/Contents/Eclipse/plugins/com.st.stm32cube.common.mx_6.9.1.202307191849//db//plugins/boardmanager/
2023-08-15 06:25:19,933 [WARN] ApiDb:259 - Overriding images path with different value:  => /Applications/STM32CubeIDE.app/Contents/Eclipse/plugins/com.st.stm32cube.common.mx_6.9.1.202307191849//db//plugins/mcufinder/images/
2023-08-15 06:25:19,948 [INFO] ApiDb:250 - Set database path to: /Users/swikritishah/.stmcufinder/plugins/mcufinder//mcu/
2023-08-15 06:25:19,951 [INFO] DbMcusAds:125 - Set database path to: /Users/swikritishah/.stmcufinder/plugins/mcufinder//mcu/
2023-08-15 06:25:19,955 [INFO] CrossReferenceDbSqlite:203 - Set database path to: /Users/swikritishah/.stmcufinder/plugins/mcufinder//mcu/cs/
2023-08-15 06:25:20,141 [INFO] RulesReader:64 - Compatibility file has been processed (293 Rules)
2023-08-15 06:25:20,249 [INFO] DbMcusXml:78 - Set database path to: /Applications/STM32CubeIDE.app/Contents/Eclipse/plugins/com.st.stm32cube.common.mx_6.9.1.202307191849//db//mcu/
2023-08-15 06:25:20,249 [INFO] ApiDb:274 - Set plugin database path to: /Applications/STM32CubeIDE.app/Contents/Eclipse/plugins/com.st.stm32cube.common.mx_6.9.1.202307191849//db//plugins/boardmanager/
2023-08-15 06:25:20,250 [INFO] ApiDb:261 - Set plugin images path to: /Applications/STM32CubeIDE.app/Contents/Eclipse/plugins/com.st.stm32cube.common.mx_6.9.1.202307191849//db//plugins/mcufinder/images/
2023-08-15 06:25:20,250 [WARN] DbFile:41 - Overriding database path with different value: /Users/swikritishah/.stmcufinder/plugins/mcufinder/ => /Users/swikritishah/.stmcufinder/plugins/mcufinder
2023-08-15 06:25:20,250 [INFO] ApiDb:250 - Set database path to: /Users/swikritishah/.stmcufinder/plugins/mcufinder//mcu/
2023-08-15 06:25:20,250 [WARN] DbFile:41 - Overriding database path with different value: /Users/swikritishah/.stmcufinder/plugins/mcufinder/ => /Users/swikritishah/.stmcufinder/plugins/mcufinder
2023-08-15 06:25:20,251 [INFO] DbMcusAds:125 - Set database path to: /Users/swikritishah/.stmcufinder/plugins/mcufinder//mcu/
2023-08-15 06:25:20,251 [WARN] DbFile:41 - Overriding database path with different value: /Users/swikritishah/.stmcufinder/plugins/mcufinder/ => /Users/swikritishah/.stmcufinder/plugins/mcufinder
2023-08-15 06:25:20,251 [WARN] DbFile:41 - Overriding database path with different value: /Users/swikritishah/.stmcufinder/plugins/mcufinder/ => /Users/swikritishah/.stmcufinder/plugins/mcufinder
2023-08-15 06:25:20,251 [INFO] CrossReferenceDbSqlite:203 - Set database path to: /Users/swikritishah/.stmcufinder/plugins/mcufinder//mcu/cs/
2023-08-15 06:25:20,389 [INFO] MainPanel:262 - HeapMemory: 268435456
2023-08-15 06:25:20,545 [INFO] DbMcusXml:78 - Set database path to: /Applications/STM32CubeIDE.app/Contents/Eclipse/plugins/com.st.stm32cube.common.mx_6.9.1.202307191849//db//mcu/
2023-08-15 06:25:20,545 [INFO] ApiDb:274 - Set plugin database path to: /Applications/STM32CubeIDE.app/Contents/Eclipse/plugins/com.st.stm32cube.common.mx_6.9.1.202307191849//db//plugins/boardmanager/
2023-08-15 06:25:20,546 [INFO] ApiDb:261 - Set plugin images path to: /Applications/STM32CubeIDE.app/Contents/Eclipse/plugins/com.st.stm32cube.common.mx_6.9.1.202307191849//db//plugins/mcufinder/images/
2023-08-15 06:25:20,547 [WARN] DbFile:41 - Overriding database path with different value: /Users/swikritishah/.stmcufinder/plugins/mcufinder/ => /Users/swikritishah/.stmcufinder/plugins/mcufinder
2023-08-15 06:25:20,547 [INFO] ApiDb:250 - Set database path to: /Users/swikritishah/.stmcufinder/plugins/mcufinder//mcu/
2023-08-15 06:25:20,547 [WARN] DbFile:41 - Overriding database path with different value: /Users/swikritishah/.stmcufinder/plugins/mcufinder/ => /Users/swikritishah/.stmcufinder/plugins/mcufinder
2023-08-15 06:25:20,547 [INFO] DbMcusAds:125 - Set database path to: /Users/swikritishah/.stmcufinder/plugins/mcufinder//mcu/
2023-08-15 06:25:20,547 [WARN] DbFile:41 - Overriding database path with different value: /Users/swikritishah/.stmcufinder/plugins/mcufinder/ => /Users/swikritishah/.stmcufinder/plugins/mcufinder
2023-08-15 06:25:20,547 [WARN] DbFile:41 - Overriding database path with different value: /Users/swikritishah/.stmcufinder/plugins/mcufinder/ => /Users/swikritishah/.stmcufinder/plugins/mcufinder
2023-08-15 06:25:20,547 [INFO] CrossReferenceDbSqlite:203 - Set database path to: /Users/swikritishah/.stmcufinder/plugins/mcufinder//mcu/cs/
2023-08-15 06:25:20,574 [INFO] ApplicationProperties:184 - Using Application install path: /Applications/STM32CubeIDE.app/Contents/Eclipse/plugins/com.st.stm32cube.common.mx_6.9.1.202307191849
2023-08-15 06:25:20,576 [INFO] PluginManage:196 - Search for loadable plugins [exclusion list=, ]
2023-08-15 06:25:20,578 [INFO] PluginManage:310 - Check plugin analytics
2023-08-15 06:25:20,877 [INFO] AnalyticsPlugin:253 - Accepted Software Licenses: 
2023-08-15 06:25:20,877 [INFO] AnalyticsPlugin:255 - Accepted CMSIS Pack Licenses: 
2023-08-15 06:25:20,878 [INFO] AnalyticsPlugin:257 - Accepted Firmware Licenses: 
2023-08-15 06:25:20,884 [INFO] PluginManage:359 - Loaded plugin analytics (category:tool,tabindex:-1)
2023-08-15 06:25:20,885 [INFO] PluginManage:310 - Check plugin cadmodel
2023-08-15 06:25:22,430 [INFO] CADModel:105 - Init CAD model plugin
2023-08-15 06:25:22,431 [INFO] PluginManage:359 - Loaded plugin cadmodel (category:power,tabindex:5)
2023-08-15 06:25:22,431 [INFO] PluginManage:310 - Check plugin clock
2023-08-15 06:25:22,450 [INFO] PluginManage:359 - Loaded plugin clock (category:base,tabindex:2)
2023-08-15 06:25:22,450 [INFO] PluginManage:310 - Check plugin ddr
2023-08-15 06:25:22,456 [INFO] PluginManage:359 - Loaded plugin ddr (category:tool,tabindex:6)
2023-08-15 06:25:22,456 [INFO] PluginManage:310 - Check plugin filemanager
2023-08-15 06:25:22,674 [INFO] PluginManage:359 - Loaded plugin filemanager (category:base,tabindex:10)
2023-08-15 06:25:22,675 [INFO] PluginManage:310 - Check plugin ipmanager
2023-08-15 06:25:22,686 [INFO] PluginManage:359 - Loaded plugin ipmanager (category:base,tabindex:5)
2023-08-15 06:25:22,686 [INFO] PluginManage:310 - Check plugin lpbam
2023-08-15 06:25:22,702 [INFO] PluginManage:359 - Loaded plugin lpbam (category:base,tabindex:0)
2023-08-15 06:25:22,702 [INFO] PluginManage:310 - Check plugin memorymap
2023-08-15 06:25:22,724 [INFO] PluginManage:359 - Loaded plugin memorymap (category:base,tabindex:4)
2023-08-15 06:25:22,725 [INFO] PluginManage:310 - Check plugin pinoutandconfiguration
2023-08-15 06:25:22,736 [INFO] PluginManage:359 - Loaded plugin pinoutandconfiguration (category:base,tabindex:1)
2023-08-15 06:25:22,737 [INFO] PluginManage:310 - Check plugin pinoutconfig
2023-08-15 06:25:22,889 [WARN] SupportedApi:132 - Cannot load RTOS API schema: s4s-elt-must-match.1: The content of 'definitions' must match (annotation?, (simpleType | complexType)?, (unique | key | keyref)*)). A problem was found starting at: attribute.
2023-08-15 06:25:23,108 [INFO] PluginManage:359 - Loaded plugin pinoutconfig (category:base,tabindex:0)
2023-08-15 06:25:23,108 [INFO] PluginManage:310 - Check plugin power
2023-08-15 06:25:23,126 [INFO] PluginManage:359 - Loaded plugin power (category:power,tabindex:4)
2023-08-15 06:25:23,126 [INFO] PluginManage:310 - Check plugin projectmanager
2023-08-15 06:25:23,179 [INFO] PluginManage:359 - Loaded plugin projectmanager (category:projectmanager,tabindex:3)
2023-08-15 06:25:23,179 [INFO] PluginManage:310 - Check plugin thirdparty
2023-08-15 06:25:23,403 [INFO] PluginManage:359 - Loaded plugin thirdparty (category:base,tabindex:-1)
2023-08-15 06:25:23,403 [WARN] IntegrityCheckThread:84 - waiting for thirdparty lock release [integrity check]
2023-08-15 06:25:23,403 [INFO] IntegrityCheckThread:86 - entering critical section [integrity check]
2023-08-15 06:25:23,403 [INFO] PluginManage:310 - Check plugin tools
2023-08-15 06:25:23,404 [INFO] ThirdPartyUpdaterWithRetryManager:70 - Updater plugin not ready yet. [1/15]
2023-08-15 06:25:23,408 [INFO] PluginManage:359 - Loaded plugin tools (category:base,tabindex:7)
2023-08-15 06:25:23,408 [INFO] PluginManage:310 - Check plugin tutovideos
2023-08-15 06:25:23,958 [INFO] PluginManage:359 - Loaded plugin tutovideos (category:base,tabindex:-1)
2023-08-15 06:25:23,959 [INFO] PluginManage:310 - Check plugin updater
2023-08-15 06:25:23,991 [INFO] PluginManage:359 - Loaded plugin updater (category:base,tabindex:12)
2023-08-15 06:25:23,991 [INFO] PluginManage:310 - Check plugin userauth
2023-08-15 06:25:24,001 [INFO] UserAuth:113 - Init User Auth plugin
2023-08-15 06:25:24,002 [INFO] PluginManage:359 - Loaded plugin userauth (category:base,tabindex:14)
2023-08-15 06:25:24,003 [INFO] PluginManage:283 - PluginManage : Loaded plugins [17]
2023-08-15 06:25:24,353 [INFO] PinOutPanel:1499 - setPackage(No Configuration,No Configuration)
2023-08-15 06:25:24,566 [INFO] CADModel:165 - CPN selected for project level
2023-08-15 06:25:24,566 [INFO] CADModel:114 - Register for checkConnection events
2023-08-15 06:25:24,593 [INFO] IPUIPlugin:80 - create IPUIPlugin
2023-08-15 06:25:24,595 [INFO] PluginManager:220 - loadIPPluginJar : add mdma
2023-08-15 06:25:24,607 [INFO] IPUIPlugin:80 - create IPUIPlugin
2023-08-15 06:25:24,607 [INFO] PluginManager:220 - loadIPPluginJar : add freertos
2023-08-15 06:25:24,616 [INFO] IPUIPlugin:80 - create IPUIPlugin
2023-08-15 06:25:24,617 [INFO] PluginManager:220 - loadIPPluginJar : add gic
2023-08-15 06:25:24,633 [INFO] IPUIPlugin:80 - create IPUIPlugin
2023-08-15 06:25:24,633 [INFO] PluginManager:220 - loadIPPluginJar : add adc
2023-08-15 06:25:24,637 [INFO] IPUIPlugin:80 - create IPUIPlugin
2023-08-15 06:25:24,637 [INFO] PluginManager:220 - loadIPPluginJar : add gtzc
2023-08-15 06:25:24,639 [INFO] IPUIPlugin:80 - create IPUIPlugin
2023-08-15 06:25:24,640 [INFO] PluginManager:220 - loadIPPluginJar : add quadspi
2023-08-15 06:25:24,644 [INFO] IPUIPlugin:80 - create IPUIPlugin
2023-08-15 06:25:24,644 [INFO] PluginManager:220 - loadIPPluginJar : add aes
2023-08-15 06:25:24,649 [INFO] IPUIPlugin:80 - create IPUIPlugin
2023-08-15 06:25:24,650 [INFO] PluginManager:220 - loadIPPluginJar : add pdm2pcm
2023-08-15 06:25:24,653 [INFO] IPUIPlugin:80 - create IPUIPlugin
2023-08-15 06:25:24,654 [INFO] PluginManager:220 - loadIPPluginJar : add hash
2023-08-15 06:25:24,656 [INFO] IPUIPlugin:80 - create IPUIPlugin
2023-08-15 06:25:24,656 [INFO] PluginManager:220 - loadIPPluginJar : add tim
2023-08-15 06:25:24,659 [INFO] IPUIPlugin:80 - create IPUIPlugin
2023-08-15 06:25:24,659 [INFO] PluginManager:220 - loadIPPluginJar : add tsc
2023-08-15 06:25:24,662 [INFO] IPUIPlugin:80 - create IPUIPlugin
2023-08-15 06:25:24,662 [INFO] PluginManager:220 - loadIPPluginJar : add ts
2023-08-15 06:25:24,667 [INFO] IPUIPlugin:80 - create IPUIPlugin
2023-08-15 06:25:24,667 [INFO] PluginManager:220 - loadIPPluginJar : add can
2023-08-15 06:25:24,671 [INFO] IPUIPlugin:80 - create IPUIPlugin
2023-08-15 06:25:24,671 [INFO] PluginManager:220 - loadIPPluginJar : add dma3
2023-08-15 06:25:24,675 [INFO] IPUIPlugin:80 - create IPUIPlugin
2023-08-15 06:25:24,675 [INFO] PluginManager:220 - loadIPPluginJar : add dfsdm
2023-08-15 06:25:24,679 [INFO] IPUIPlugin:80 - create IPUIPlugin
2023-08-15 06:25:24,679 [INFO] PluginManager:220 - loadIPPluginJar : add spi
2023-08-15 06:25:24,682 [INFO] IPUIPlugin:80 - create IPUIPlugin
2023-08-15 06:25:24,682 [INFO] PluginManager:220 - loadIPPluginJar : add gfxmmu
2023-08-15 06:25:24,684 [INFO] IPUIPlugin:80 - create IPUIPlugin
2023-08-15 06:25:24,684 [INFO] PluginManager:220 - loadIPPluginJar : add genericplugin
2023-08-15 06:25:24,687 [INFO] IPUIPlugin:80 - create IPUIPlugin
2023-08-15 06:25:24,688 [INFO] PluginManager:220 - loadIPPluginJar : add cryp
2023-08-15 06:25:24,693 [INFO] IPUIPlugin:80 - create IPUIPlugin
2023-08-15 06:25:24,694 [INFO] PluginManager:220 - loadIPPluginJar : add gpio
2023-08-15 06:25:24,696 [INFO] IPUIPlugin:80 - create IPUIPlugin
2023-08-15 06:25:24,696 [INFO] PluginManager:220 - loadIPPluginJar : add comp
2023-08-15 06:25:24,699 [INFO] IPUIPlugin:80 - create IPUIPlugin
2023-08-15 06:25:24,699 [INFO] PluginManager:220 - loadIPPluginJar : add tracer_emb
2023-08-15 06:25:24,703 [INFO] IPUIPlugin:80 - create IPUIPlugin
2023-08-15 06:25:24,703 [INFO] PluginManager:220 - loadIPPluginJar : add openamp
2023-08-15 06:25:24,710 [INFO] IPUIPlugin:80 - create IPUIPlugin
2023-08-15 06:25:24,710 [INFO] PluginManager:220 - loadIPPluginJar : add stm32_wpan
2023-08-15 06:25:24,719 [INFO] IPUIPlugin:80 - create IPUIPlugin
2023-08-15 06:25:24,724 [INFO] PluginManager:220 - loadIPPluginJar : add plateformsettings
2023-08-15 06:25:24,730 [INFO] IPUIPlugin:80 - create IPUIPlugin
2023-08-15 06:25:24,730 [INFO] PluginManager:220 - loadIPPluginJar : add ipddr
2023-08-15 06:25:24,734 [INFO] IPUIPlugin:80 - create IPUIPlugin
2023-08-15 06:25:24,734 [INFO] PluginManager:220 - loadIPPluginJar : add usart
2023-08-15 06:25:24,735 [INFO] IPUIPlugin:80 - create IPUIPlugin
2023-08-15 06:25:24,735 [INFO] PluginManager:220 - loadIPPluginJar : add ltdc
2023-08-15 06:25:24,740 [INFO] IPUIPlugin:80 - create IPUIPlugin
2023-08-15 06:25:24,741 [INFO] PluginManager:220 - loadIPPluginJar : add nvic
2023-08-15 06:25:24,742 [INFO] IPUIPlugin:80 - create IPUIPlugin
2023-08-15 06:25:24,743 [INFO] PluginManager:220 - loadIPPluginJar : add fatfs
2023-08-15 06:25:24,752 [INFO] IPUIPlugin:80 - create IPUIPlugin
2023-08-15 06:25:24,753 [INFO] PluginManager:220 - loadIPPluginJar : add linkedlist
2023-08-15 06:25:24,759 [INFO] IPUIPlugin:80 - create IPUIPlugin
2023-08-15 06:25:24,760 [INFO] PluginManager:220 - loadIPPluginJar : add dma
2023-08-15 06:25:24,765 [INFO] IPUIPlugin:80 - create IPUIPlugin
2023-08-15 06:25:24,766 [INFO] PluginManager:220 - loadIPPluginJar : add fmc
2023-08-15 06:25:24,772 [INFO] IPUIPlugin:80 - create IPUIPlugin
2023-08-15 06:25:24,772 [INFO] PluginManager:220 - loadIPPluginJar : add i2s
2023-08-15 06:25:24,777 [INFO] IPUIPlugin:80 - create IPUIPlugin
2023-08-15 06:25:24,777 [INFO] PluginManager:220 - loadIPPluginJar : add ucpd
2023-08-15 06:25:24,783 [INFO] IPUIPlugin:80 - create IPUIPlugin
2023-08-15 06:25:24,784 [INFO] PluginManager:220 - loadIPPluginJar : add lorawan
2023-08-15 06:25:24,790 [INFO] IPUIPlugin:80 - create IPUIPlugin
2023-08-15 06:25:24,790 [INFO] PluginManager:220 - loadIPPluginJar : add opamp
2023-08-15 06:25:24,794 [INFO] IPUIPlugin:80 - create IPUIPlugin
2023-08-15 06:25:24,795 [INFO] PluginManager:220 - loadIPPluginJar : add i3c
2023-08-15 06:25:24,799 [INFO] IPUIPlugin:80 - create IPUIPlugin
2023-08-15 06:25:24,800 [INFO] PluginManager:220 - loadIPPluginJar : add touchsensing
2023-08-15 06:25:24,804 [INFO] IPUIPlugin:80 - create IPUIPlugin
2023-08-15 06:25:24,804 [INFO] PluginManager:220 - loadIPPluginJar : add i2c
2023-08-15 06:25:24,810 [INFO] IPUIPlugin:80 - create IPUIPlugin
2023-08-15 06:25:24,810 [INFO] PluginManager:220 - loadIPPluginJar : add resmgrutility
2023-08-15 06:25:24,815 [INFO] IPUIPlugin:80 - create IPUIPlugin
2023-08-15 06:25:24,815 [INFO] PluginManager:220 - loadIPPluginJar : add sai
2023-08-15 06:25:24,821 [INFO] IPUIPlugin:80 - create IPUIPlugin
2023-08-15 06:25:24,821 [INFO] PluginManager:220 - loadIPPluginJar : add usbx
2023-08-15 06:25:24,947 [INFO] CADModel:165 - CPN selected for project level
2023-08-15 06:25:24,947 [INFO] CADModel:114 - Register for checkConnection events
2023-08-15 06:25:24,947 [FATAL] Updater:308 - Updater called before beeing initialized
2023-08-15 06:25:24,947 [ERROR] CADModel:125 - Updater not yet initialized, retry later 
2023-08-15 06:25:25,261 [INFO] CADModel:165 - CPN selected for project level
2023-08-15 06:25:25,261 [INFO] CADModel:114 - Register for checkConnection events
2023-08-15 06:25:25,262 [FATAL] Updater:308 - Updater called before beeing initialized
2023-08-15 06:25:25,262 [ERROR] CADModel:125 - Updater not yet initialized, retry later 
2023-08-15 06:25:25,271 [FATAL] Updater:308 - Updater called before beeing initialized
2023-08-15 06:25:25,418 [FATAL] Updater:308 - Updater called before beeing initialized
2023-08-15 06:25:25,431 [INFO] DbMcusAds:53 - JSON generation date=Wed Sep 29 23:55:09 PDT 2021 (1632984909247)
2023-08-15 06:25:25,431 [FATAL] Updater:308 - Updater called before beeing initialized
2023-08-15 06:25:25,518 [WARN] DetailPanel:346 - Failed to get advertising image, set to default
2023-08-15 06:25:25,634 [FATAL] Updater:308 - Updater called before beeing initialized
2023-08-15 06:25:25,636 [FATAL] Updater:308 - Updater called before beeing initialized
2023-08-15 06:25:25,636 [FATAL] Updater:308 - Updater called before beeing initialized
2023-08-15 06:25:25,636 [WARN] DetailPanel:346 - Failed to get advertising image, set to default
2023-08-15 06:25:25,637 [FATAL] Updater:308 - Updater called before beeing initialized
2023-08-15 06:25:25,665 [ERROR] Updater:1120 - MainUpdater not yet initialized. External WinMGr cannot be set.
2023-08-15 06:25:25,700 [INFO] Updater:1056 - Updater Version found : 6.9.1
2023-08-15 06:25:25,732 [INFO] ApplicationProperties:184 - Using Application install path: /Applications/STM32CubeIDE.app/Contents/Eclipse/plugins/com.st.stm32cube.common.mx_6.9.1.202307191849
2023-08-15 06:25:25,973 [INFO] MainUpdater:2868 - connection check result : 10
2023-08-15 06:25:25,974 [INFO] MainUpdater:285 - Updater Check For Update Now.
2023-08-15 06:25:25,974 [INFO] MicroXplorer:498 - Change Database Version : DB.6.0.91
2023-08-15 06:25:25,981 [INFO] McuFinderGlobals:63 - Set McuFinder mode to 2 (CubeIDE integrated)
2023-08-15 06:25:25,981 [INFO] UserAuth:179 - activating auth plugin
2023-08-15 06:25:25,983 [INFO] UserAuth:393 - Internet connection configuration mode: 1
2023-08-15 06:25:26,005 [INFO] JxBrowserEngine:151 - Initiate JxBrowser Engine with user profile folder
2023-08-15 06:25:26,168 [INFO] CheckServerUpdateThread:120 - End of CheckServer Thread
2023-08-15 06:25:26,581 [WARN] PackLoader:240 - Cannot read IP mode file for STMicroelectronics.X-CUBE-SMBUS.2.1.0
2023-08-15 06:25:26,634 [WARN] PackLoader:240 - Cannot read IP mode file for STMicroelectronics.X-CUBE-AZRTOS-F7.1.1.0
2023-08-15 06:25:26,649 [WARN] PackLoader:240 - Cannot read IP mode file for STMicroelectronics.FP-SNS-MOTENV1.4.3.2
2023-08-15 06:25:26,660 [WARN] PackLoader:240 - Cannot read IP mode file for STMicroelectronics.FP-SNS-FLIGHT1.5.0.2
2023-08-15 06:25:26,674 [WARN] PackLoader:240 - Cannot read IP mode file for STMicroelectronics.X-CUBE-DISPLAY.3.0.0
2023-08-15 06:25:26,694 [WARN] PackLoader:240 - Cannot read IP mode file for STMicroelectronics.X-CUBE-BLE1.7.0.0
2023-08-15 06:25:26,703 [WARN] PackLoader:240 - Cannot read IP mode file for emotas.I-CUBE-CANOPEN.1.3.0
2023-08-15 06:25:26,709 [WARN] PackLoader:240 - Cannot read IP mode file for STMicroelectronics.X-CUBE-TOUCHGFX.4.22.0
2023-08-15 06:25:26,726 [INFO] LogOutputStream:77 - [STDOUT_REDIRECT] 1 : Invalid condition id : UX_CORESTACK_Condition cause : null
2023-08-15 06:25:26,727 [INFO] LogOutputStream:77 - [STDOUT_REDIRECT] 1 : Invalid condition id : UX_CORESTACK_Condition cause : null
2023-08-15 06:25:26,728 [INFO] LogOutputStream:77 - [STDOUT_REDIRECT] 1 : Invalid condition id : UX_CORESTACK_Condition cause : null
2023-08-15 06:25:26,728 [INFO] LogOutputStream:77 - [STDOUT_REDIRECT] 1 : Invalid condition id : UX_CORESTACK_Condition cause : null
2023-08-15 06:25:26,729 [INFO] LogOutputStream:77 - [STDOUT_REDIRECT] 1 : Invalid condition id : UX_CORESTACK_Condition cause : null
2023-08-15 06:25:26,736 [WARN] PackLoader:240 - Cannot read IP mode file for STMicroelectronics.X-CUBE-AZRTOS-WL.2.0.0
2023-08-15 06:25:26,749 [WARN] PackLoader:240 - Cannot read IP mode file for WES.I-CUBE-Cesium.1.3.0
2023-08-15 06:25:26,756 [WARN] PackLoader:240 - Cannot read IP mode file for STMicroelectronics.X-CUBE-BLE2.3.3.0
2023-08-15 06:25:26,768 [WARN] PackLoader:240 - Cannot read IP mode file for STMicroelectronics.X-CUBE-ALGOBUILD.1.3.0
2023-08-15 06:25:26,812 [WARN] PackLoader:240 - Cannot read IP mode file for STMicroelectronics.X-CUBE-AZRTOS-G0.1.1.0
2023-08-15 06:25:26,837 [WARN] PackLoader:240 - Cannot read IP mode file for STMicroelectronics.X-CUBE-NFC4.3.0.0
2023-08-15 06:25:26,847 [WARN] PackLoader:240 - Cannot read IP mode file for STMicroelectronics.FP-ATR-SIGFOX1.3.2.0
2023-08-15 06:25:26,931 [WARN] PackLoader:240 - Cannot read IP mode file for SEGGER.I-CUBE-embOS.1.3.1
2023-08-15 06:25:27,011 [WARN] PackLoader:240 - Cannot read IP mode file for STMicroelectronics.X-CUBE-GNSS1.6.0.0
2023-08-15 06:25:27,052 [WARN] PackLoader:240 - Cannot read IP mode file for STMicroelectronics.X-CUBE-AZRTOS-F4.1.1.0
2023-08-15 06:25:27,062 [WARN] PackLoader:240 - Cannot read IP mode file for wolfSSL.I-CUBE-wolfSSL.5.6.3
2023-08-15 06:25:27,093 [WARN] PackLoader:240 - Cannot read IP mode file for STMicroelectronics.X-CUBE-AZRTOS-L5.2.0.0
2023-08-15 06:25:27,160 [WARN] PackLoader:240 - Cannot read IP mode file for STMicroelectronics.X-CUBE-MEMS1.9.6.0
2023-08-15 06:25:27,436 [WARN] PackLoader:240 - Cannot read IP mode file for STMicroelectronics.X-CUBE-BLEMGR.2.0.0
2023-08-15 06:25:27,473 [WARN] ConditionMgr:438 - getConditionDescription Invalid condition id : UX DEVICE CLASS RTOS Condition cause : null
2023-08-15 06:25:27,473 [WARN] ConditionMgr:438 - getConditionDescription Invalid condition id : UX DEVICE CLASS RTOS Condition cause : null
2023-08-15 06:25:27,481 [WARN] PackLoader:240 - Cannot read IP mode file for STMicroelectronics.X-CUBE-AZRTOS-H7.3.1.0
2023-08-15 06:25:27,482 [WARN] ConditionMgr:1039 - genDependencies : Invalid condition id : UX DEVICE CLASS RTOS Condition cause : null
2023-08-15 06:25:27,482 [WARN] ConditionMgr:1039 - genDependencies : Invalid condition id : UX DEVICE CLASS RTOS Condition cause : null
2023-08-15 06:25:27,483 [WARN] ConditionMgr:1039 - genDependencies : Invalid condition id : UX DEVICE CLASS RTOS Condition cause : null
2023-08-15 06:25:27,484 [WARN] ConditionMgr:1039 - genDependencies : Invalid condition id : UX DEVICE CLASS RTOS Condition cause : null
2023-08-15 06:25:27,484 [WARN] ConditionMgr:1039 - genDependencies : Invalid condition id : UX DEVICE CLASS RTOS Condition cause : null
2023-08-15 06:25:27,492 [WARN] PackLoader:240 - Cannot read IP mode file for STMicroelectronics.X-CUBE-NFC7.1.0.1
2023-08-15 06:25:27,500 [WARN] PackLoader:240 - Cannot read IP mode file for STMicroelectronics.X-CUBE-EEPRMA1.4.1.0
2023-08-15 06:25:27,506 [WARN] PackLoader:240 - Cannot read IP mode file for STMicroelectronics.X-CUBE-AI.8.1.0
2023-08-15 06:25:27,549 [WARN] ConditionMgr:438 - getConditionDescription Invalid condition id : LAN8742 Phy interface Condition cause : null
2023-08-15 06:25:27,551 [WARN] PackLoader:240 - Cannot read IP mode file for STMicroelectronics.X-CUBE-AZRTOS-L4.2.0.0
2023-08-15 06:25:27,553 [WARN] ConditionMgr:1039 - genDependencies : Invalid condition id : LAN8742 Phy interface Condition cause : null
2023-08-15 06:25:27,554 [WARN] ConditionMgr:1039 - genDependencies : Invalid condition id : LAN8742 Phy interface Condition cause : null
2023-08-15 06:25:27,556 [WARN] ConditionMgr:1039 - genDependencies : Invalid condition id : LAN8742 Phy interface Condition cause : null
2023-08-15 06:25:27,575 [WARN] PackLoader:240 - Cannot read IP mode file for STMicroelectronics.X-CUBE-SFXS2LP1.4.0.0
2023-08-15 06:25:27,590 [WARN] PackLoader:240 - Cannot read IP mode file for STMicroelectronics.X-CUBE-ISPU.1.1.0
2023-08-15 06:25:27,640 [WARN] ConditionMgr:438 - getConditionDescription Invalid condition id : UX DEVICE CLASS RTOS Condition cause : null
2023-08-15 06:25:27,641 [WARN] ConditionMgr:438 - getConditionDescription Invalid condition id : UX DEVICE CLASS RTOS Condition cause : null
2023-08-15 06:25:27,649 [WARN] PackLoader:240 - Cannot read IP mode file for STMicroelectronics.X-CUBE-AZRTOS-WB.2.0.0
2023-08-15 06:25:27,651 [WARN] ConditionMgr:1039 - genDependencies : Invalid condition id : UX DEVICE CLASS RTOS Condition cause : null
2023-08-15 06:25:27,652 [WARN] ConditionMgr:1039 - genDependencies : Invalid condition id : UX DEVICE CLASS RTOS Condition cause : null
2023-08-15 06:25:27,653 [WARN] ConditionMgr:1039 - genDependencies : Invalid condition id : UX DEVICE CLASS RTOS Condition cause : null
2023-08-15 06:25:27,654 [WARN] ConditionMgr:1039 - genDependencies : Invalid condition id : UX DEVICE CLASS RTOS Condition cause : null
2023-08-15 06:25:27,654 [WARN] ConditionMgr:1039 - genDependencies : Invalid condition id : UX DEVICE CLASS RTOS Condition cause : null
2023-08-15 06:25:27,667 [WARN] PackLoader:240 - Cannot read IP mode file for STMicroelectronics.X-CUBE-FREERTOS.1.0.1
2023-08-15 06:25:27,695 [WARN] PackLoader:240 - Cannot read IP mode file for STMicroelectronics.X-CUBE-SUBG2.5.0.0
2023-08-15 06:25:27,734 [WARN] PackLoader:240 - Cannot read IP mode file for STMicroelectronics.X-CUBE-TOF1.3.3.1
2023-08-15 06:25:27,831 [WARN] PackLoader:240 - Cannot read IP mode file for STMicroelectronics.X-CUBE-AZRTOS-G4.2.0.0
2023-08-15 06:25:27,861 [WARN] PackLoader:240 - Cannot read IP mode file for portGmbH.I-Cube-SoM-uGOAL.1.1.0
2023-08-15 06:25:27,884 [WARN] PackLoader:240 - Cannot read IP mode file for STMicroelectronics.X-CUBE-ALS.1.0.1
2023-08-15 06:25:27,894 [WARN] PackLoader:240 - Cannot read IP mode file for STMicroelectronics.FP-ATR-ASTRA1.2.0.0
2023-08-15 06:25:27,896 [INFO] ThirdParty:978 - Integrity check success = true
2023-08-15 06:25:27,896 [INFO] IntegrityCheckThread:100 - exiting critical section [integrity check]
2023-08-15 06:25:27,897 [INFO] IntegrityCheckThread:103 - End integrity checks thread
2023-08-15 06:25:28,868 [INFO] WebApp:157 - Instantiating new browser for Auth
2023-08-15 06:25:31,212 [INFO] WebApp:753 - Register for checkConnection events
2023-08-15 06:25:31,212 [INFO] WebApp:390 - Apply proxy settings
2023-08-15 06:25:31,218 [INFO] WebApp:455 - Chromium authenticates against System proxy
2023-08-15 06:25:31,549 [INFO] WebApp:188 - Starting web application
2023-08-15 06:25:31,550 [INFO] WebApp:520 - Web application path used /Applications/STM32CubeIDE.app/Contents/Eclipse/plugins/com.st.stm32cube.common.mx_6.9.1.202307191849/db/plugins/mcufinder/reactClient1/index.html
2023-08-15 06:25:52,757 [ERROR] LogOutputStream:75 - [STDERR_REDIRECT] SLF4J: Failed to load class "org.slf4j.impl.StaticLoggerBinder".
2023-08-15 06:25:52,760 [ERROR] LogOutputStream:75 - [STDERR_REDIRECT] SLF4J: Defaulting to no-operation (NOP) logger implementation
2023-08-15 06:25:52,761 [ERROR] LogOutputStream:75 - [STDERR_REDIRECT] SLF4J: See http://www.slf4j.org/codes.html#StaticLoggerBinder for further details.
2023-08-15 06:25:59,489 [INFO] LogOutputStream:77 - [STDOUT_REDIRECT] Unexpected error loading extension: org.eclipse.equinox.p2.metadata.repository.XZedRepository
2023-08-15 06:25:59,492 [ERROR] LogOutputStream:75 - [STDERR_REDIRECT] java.lang.IllegalStateException: Attempt to access stopped agent: org.eclipse.equinox.internal.p2.core.ProvisioningAgent@23ffae74
2023-08-15 06:25:59,493 [ERROR] LogOutputStream:75 - [STDERR_REDIRECT] 	at org.eclipse.equinox.internal.p2.core.ProvisioningAgent.checkRunning(ProvisioningAgent.java:86)
2023-08-15 06:25:59,495 [ERROR] LogOutputStream:75 - [STDERR_REDIRECT] 	at org.eclipse.equinox.internal.p2.core.ProvisioningAgent.getService(ProvisioningAgent.java:50)
2023-08-15 06:25:59,496 [ERROR] LogOutputStream:75 - [STDERR_REDIRECT] 	at org.eclipse.equinox.p2.core.IProvisioningAgent.getService(IProvisioningAgent.java:86)
2023-08-15 06:25:59,497 [ERROR] LogOutputStream:75 - [STDERR_REDIRECT] 	at org.eclipse.equinox.internal.p2.metadata.repository.LocalMetadataRepository.publishRepositoryReferences(LocalMetadataRepository.java:178)
2023-08-15 06:25:59,498 [ERROR] LogOutputStream:75 - [STDERR_REDIRECT] 	at org.eclipse.equinox.internal.p2.metadata.repository.LocalMetadataRepository.initialize(LocalMetadataRepository.java:171)
2023-08-15 06:25:59,498 [ERROR] LogOutputStream:75 - [STDERR_REDIRECT] 	at org.eclipse.equinox.internal.p2.metadata.repository.MetadataRepositoryIO$Parser$RepositoryHandler.finished(MetadataRepositoryIO.java:334)
2023-08-15 06:25:59,499 [ERROR] LogOutputStream:75 - [STDERR_REDIRECT] 	at org.eclipse.equinox.internal.p2.persistence.XMLParser$AbstractHandler.endElement(XMLParser.java:174)
2023-08-15 06:25:59,499 [ERROR] LogOutputStream:75 - [STDERR_REDIRECT] 	at java.xml/com.sun.org.apache.xerces.internal.parsers.AbstractSAXParser.endElement(AbstractSAXParser.java:618)
2023-08-15 06:25:59,500 [ERROR] LogOutputStream:75 - [STDERR_REDIRECT] 	at java.xml/com.sun.org.apache.xerces.internal.impl.XMLDocumentFragmentScannerImpl.scanEndElement(XMLDocumentFragmentScannerImpl.java:1728)
2023-08-15 06:25:59,501 [ERROR] LogOutputStream:75 - [STDERR_REDIRECT] 	at java.xml/com.sun.org.apache.xerces.internal.impl.XMLDocumentFragmentScannerImpl$FragmentContentDriver.next(XMLDocumentFragmentScannerImpl.java:2899)
2023-08-15 06:25:59,501 [ERROR] LogOutputStream:75 - [STDERR_REDIRECT] 	at java.xml/com.sun.org.apache.xerces.internal.impl.XMLDocumentScannerImpl.next(XMLDocumentScannerImpl.java:605)
2023-08-15 06:25:59,502 [ERROR] LogOutputStream:75 - [STDERR_REDIRECT] 	at java.xml/com.sun.org.apache.xerces.internal.impl.XMLNSDocumentScannerImpl.next(XMLNSDocumentScannerImpl.java:112)
2023-08-15 06:25:59,503 [ERROR] LogOutputStream:75 - [STDERR_REDIRECT] 	at java.xml/com.sun.org.apache.xerces.internal.impl.XMLDocumentFragmentScannerImpl.scanDocument(XMLDocumentFragmentScannerImpl.java:542)
2023-08-15 06:25:59,503 [ERROR] LogOutputStream:75 - [STDERR_REDIRECT] 	at java.xml/com.sun.org.apache.xerces.internal.parsers.XML11Configuration.parse(XML11Configuration.java:889)
2023-08-15 06:25:59,504 [ERROR] LogOutputStream:75 - [STDERR_REDIRECT] 	at java.xml/com.sun.org.apache.xerces.internal.parsers.XML11Configuration.parse(XML11Configuration.java:825)
2023-08-15 06:25:59,504 [ERROR] LogOutputStream:75 - [STDERR_REDIRECT] 	at java.xml/com.sun.org.apache.xerces.internal.parsers.XMLParser.parse(XMLParser.java:141)
2023-08-15 06:25:59,505 [ERROR] LogOutputStream:75 - [STDERR_REDIRECT] 	at java.xml/com.sun.org.apache.xerces.internal.parsers.AbstractSAXParser.parse(AbstractSAXParser.java:1224)
2023-08-15 06:25:59,507 [ERROR] LogOutputStream:75 - [STDERR_REDIRECT] 	at java.xml/com.sun.org.apache.xerces.internal.jaxp.SAXParserImpl$JAXPSAXParser.parse(SAXParserImpl.java:637)
2023-08-15 06:25:59,508 [ERROR] LogOutputStream:75 - [STDERR_REDIRECT] 	at org.eclipse.equinox.internal.p2.metadata.repository.MetadataRepositoryIO$Parser.parse(MetadataRepositoryIO.java:206)
2023-08-15 06:25:59,508 [ERROR] LogOutputStream:75 - [STDERR_REDIRECT] 	at org.eclipse.equinox.internal.p2.metadata.repository.MetadataRepositoryIO.read(MetadataRepositoryIO.java:66)
2023-08-15 06:25:59,509 [ERROR] LogOutputStream:75 - [STDERR_REDIRECT] 	at org.eclipse.equinox.internal.p2.metadata.repository.XZedSimpleMetadataRepositoryFactory.load(XZedSimpleMetadataRepositoryFactory.java:86)
2023-08-15 06:25:59,509 [ERROR] LogOutputStream:75 - [STDERR_REDIRECT] 	at org.eclipse.equinox.internal.p2.metadata.repository.MetadataRepositoryManager.factoryLoad(MetadataRepositoryManager.java:63)
2023-08-15 06:25:59,510 [ERROR] LogOutputStream:75 - [STDERR_REDIRECT] 	at org.eclipse.equinox.internal.p2.repository.helpers.AbstractRepositoryManager.loadRepository(AbstractRepositoryManager.java:787)
2023-08-15 06:25:59,511 [ERROR] LogOutputStream:75 - [STDERR_REDIRECT] 	at org.eclipse.equinox.internal.p2.repository.helpers.AbstractRepositoryManager.loadRepository(AbstractRepositoryManager.java:685)
2023-08-15 06:25:59,512 [ERROR] LogOutputStream:75 - [STDERR_REDIRECT] 	at org.eclipse.equinox.internal.p2.metadata.repository.MetadataRepositoryManager.loadRepository(MetadataRepositoryManager.java:110)
2023-08-15 06:25:59,513 [ERROR] LogOutputStream:75 - [STDERR_REDIRECT] 	at org.eclipse.equinox.internal.p2.metadata.repository.MetadataRepositoryManager.loadRepository(MetadataRepositoryManager.java:105)
2023-08-15 06:25:59,513 [ERROR] LogOutputStream:75 - [STDERR_REDIRECT] 	at org.eclipse.equinox.internal.p2.metadata.repository.CompositeMetadataRepository.addChild(CompositeMetadataRepository.java:171)
2023-08-15 06:25:59,514 [ERROR] LogOutputStream:75 - [STDERR_REDIRECT] 	at org.eclipse.equinox.internal.p2.metadata.repository.CompositeMetadataRepository.<init>(CompositeMetadataRepository.java:113)
2023-08-15 06:25:59,514 [ERROR] LogOutputStream:75 - [STDERR_REDIRECT] 	at org.eclipse.equinox.internal.p2.metadata.repository.CompositeMetadataRepositoryFactory.load(CompositeMetadataRepositoryFactory.java:124)
2023-08-15 06:25:59,515 [ERROR] LogOutputStream:75 - [STDERR_REDIRECT] 	at org.eclipse.equinox.internal.p2.metadata.repository.MetadataRepositoryManager.factoryLoad(MetadataRepositoryManager.java:63)
2023-08-15 06:25:59,515 [ERROR] LogOutputStream:75 - [STDERR_REDIRECT] 	at org.eclipse.equinox.internal.p2.repository.helpers.AbstractRepositoryManager.loadRepository(AbstractRepositoryManager.java:787)
2023-08-15 06:25:59,516 [ERROR] LogOutputStream:75 - [STDERR_REDIRECT] 	at org.eclipse.equinox.internal.p2.repository.helpers.AbstractRepositoryManager.loadRepository(AbstractRepositoryManager.java:685)
2023-08-15 06:25:59,517 [ERROR] LogOutputStream:75 - [STDERR_REDIRECT] 	at org.eclipse.equinox.internal.p2.metadata.repository.MetadataRepositoryManager.loadRepository(MetadataRepositoryManager.java:110)
2023-08-15 06:25:59,518 [ERROR] LogOutputStream:75 - [STDERR_REDIRECT] 	at org.eclipse.equinox.internal.p2.metadata.repository.MetadataRepositoryManager.loadRepository(MetadataRepositoryManager.java:105)
2023-08-15 06:25:59,520 [ERROR] LogOutputStream:75 - [STDERR_REDIRECT] 	at org.eclipse.equinox.internal.p2.updatechecker.UpdateChecker.getAvailableRepositories(UpdateChecker.java:152)
2023-08-15 06:25:59,521 [ERROR] LogOutputStream:75 - [STDERR_REDIRECT] 	at org.eclipse.equinox.internal.p2.updatechecker.UpdateChecker.checkForUpdates(UpdateChecker.java:130)
2023-08-15 06:25:59,522 [ERROR] LogOutputStream:75 - [STDERR_REDIRECT] 	at org.eclipse.equinox.internal.p2.updatechecker.UpdateChecker$UpdateCheckThread.run(UpdateChecker.java:78)
2023-08-15 06:25:59,526 [INFO] LogOutputStream:77 - [STDOUT_REDIRECT] Unexpected error loading extension: org.eclipse.equinox.p2.metadata.repository.simpleRepository
2023-08-15 06:25:59,527 [ERROR] LogOutputStream:75 - [STDERR_REDIRECT] java.lang.IllegalStateException: Attempt to access stopped agent: org.eclipse.equinox.internal.p2.core.ProvisioningAgent@23ffae74
2023-08-15 06:25:59,529 [ERROR] LogOutputStream:75 - [STDERR_REDIRECT] 	at org.eclipse.equinox.internal.p2.core.ProvisioningAgent.checkRunning(ProvisioningAgent.java:86)
2023-08-15 06:25:59,530 [ERROR] LogOutputStream:75 - [STDERR_REDIRECT] 	at org.eclipse.equinox.internal.p2.core.ProvisioningAgent.getService(ProvisioningAgent.java:50)
2023-08-15 06:25:59,531 [ERROR] LogOutputStream:75 - [STDERR_REDIRECT] 	at org.eclipse.equinox.p2.core.IProvisioningAgent.getService(IProvisioningAgent.java:86)
2023-08-15 06:25:59,531 [ERROR] LogOutputStream:75 - [STDERR_REDIRECT] 	at org.eclipse.equinox.internal.p2.metadata.repository.SimpleMetadataRepositoryFactory.getLocalFile(SimpleMetadataRepositoryFactory.java:66)
2023-08-15 06:25:59,532 [ERROR] LogOutputStream:75 - [STDERR_REDIRECT] 	at org.eclipse.equinox.internal.p2.metadata.repository.SimpleMetadataRepositoryFactory.load(SimpleMetadataRepositoryFactory.java:89)
2023-08-15 06:25:59,532 [ERROR] LogOutputStream:75 - [STDERR_REDIRECT] 	at org.eclipse.equinox.internal.p2.metadata.repository.MetadataRepositoryManager.factoryLoad(MetadataRepositoryManager.java:63)
2023-08-15 06:25:59,533 [ERROR] LogOutputStream:75 - [STDERR_REDIRECT] 	at org.eclipse.equinox.internal.p2.repository.helpers.AbstractRepositoryManager.loadRepository(AbstractRepositoryManager.java:787)
2023-08-15 06:25:59,533 [ERROR] LogOutputStream:75 - [STDERR_REDIRECT] 	at org.eclipse.equinox.internal.p2.repository.helpers.AbstractRepositoryManager.loadRepository(AbstractRepositoryManager.java:685)
2023-08-15 06:25:59,534 [ERROR] LogOutputStream:75 - [STDERR_REDIRECT] 	at org.eclipse.equinox.internal.p2.metadata.repository.MetadataRepositoryManager.loadRepository(MetadataRepositoryManager.java:110)
2023-08-15 06:25:59,535 [ERROR] LogOutputStream:75 - [STDERR_REDIRECT] 	at org.eclipse.equinox.internal.p2.metadata.repository.MetadataRepositoryManager.loadRepository(MetadataRepositoryManager.java:105)
2023-08-15 06:25:59,535 [ERROR] LogOutputStream:75 - [STDERR_REDIRECT] 	at org.eclipse.equinox.internal.p2.metadata.repository.CompositeMetadataRepository.addChild(CompositeMetadataRepository.java:171)
2023-08-15 06:25:59,536 [ERROR] LogOutputStream:75 - [STDERR_REDIRECT] 	at org.eclipse.equinox.internal.p2.metadata.repository.CompositeMetadataRepository.<init>(CompositeMetadataRepository.java:113)
2023-08-15 06:25:59,536 [ERROR] LogOutputStream:75 - [STDERR_REDIRECT] 	at org.eclipse.equinox.internal.p2.metadata.repository.CompositeMetadataRepositoryFactory.load(CompositeMetadataRepositoryFactory.java:124)
2023-08-15 06:25:59,537 [ERROR] LogOutputStream:75 - [STDERR_REDIRECT] 	at org.eclipse.equinox.internal.p2.metadata.repository.MetadataRepositoryManager.factoryLoad(MetadataRepositoryManager.java:63)
2023-08-15 06:25:59,537 [ERROR] LogOutputStream:75 - [STDERR_REDIRECT] 	at org.eclipse.equinox.internal.p2.repository.helpers.AbstractRepositoryManager.loadRepository(AbstractRepositoryManager.java:787)
2023-08-15 06:25:59,538 [ERROR] LogOutputStream:75 - [STDERR_REDIRECT] 	at org.eclipse.equinox.internal.p2.repository.helpers.AbstractRepositoryManager.loadRepository(AbstractRepositoryManager.java:685)
2023-08-15 06:25:59,538 [ERROR] LogOutputStream:75 - [STDERR_REDIRECT] 	at org.eclipse.equinox.internal.p2.metadata.repository.MetadataRepositoryManager.loadRepository(MetadataRepositoryManager.java:110)
2023-08-15 06:25:59,539 [ERROR] LogOutputStream:75 - [STDERR_REDIRECT] 	at org.eclipse.equinox.internal.p2.metadata.repository.MetadataRepositoryManager.loadRepository(MetadataRepositoryManager.java:105)
2023-08-15 06:25:59,540 [ERROR] LogOutputStream:75 - [STDERR_REDIRECT] 	at org.eclipse.equinox.internal.p2.updatechecker.UpdateChecker.getAvailableRepositories(UpdateChecker.java:152)
2023-08-15 06:25:59,540 [ERROR] LogOutputStream:75 - [STDERR_REDIRECT] 	at org.eclipse.equinox.internal.p2.updatechecker.UpdateChecker.checkForUpdates(UpdateChecker.java:130)
2023-08-15 06:25:59,541 [ERROR] LogOutputStream:75 - [STDERR_REDIRECT] 	at org.eclipse.equinox.internal.p2.updatechecker.UpdateChecker$UpdateCheckThread.run(UpdateChecker.java:78)
2023-08-15 06:25:59,542 [INFO] LogOutputStream:77 - [STDOUT_REDIRECT] Unexpected error loading extension: org.eclipse.equinox.p2.metadata.repository.compositeRepository
2023-08-15 06:25:59,543 [ERROR] LogOutputStream:75 - [STDERR_REDIRECT] java.lang.IllegalStateException: bundle org.eclipse.equinox.p2.repositoryis not started
2023-08-15 06:25:59,543 [ERROR] LogOutputStream:75 - [STDERR_REDIRECT] 	at org.eclipse.equinox.internal.p2.repository.Activator.getContext(Activator.java:65)
2023-08-15 06:25:59,544 [ERROR] LogOutputStream:75 - [STDERR_REDIRECT] 	at org.eclipse.equinox.internal.p2.repository.helpers.AbstractRepositoryManager.restoreFromSystemProperty(AbstractRepositoryManager.java:1013)
2023-08-15 06:25:59,544 [ERROR] LogOutputStream:75 - [STDERR_REDIRECT] 	at org.eclipse.equinox.internal.p2.repository.helpers.AbstractRepositoryManager.restoreRepositories(AbstractRepositoryManager.java:1033)
2023-08-15 06:25:59,544 [ERROR] LogOutputStream:75 - [STDERR_REDIRECT] 	at org.eclipse.equinox.internal.p2.repository.helpers.AbstractRepositoryManager.getRepositoryProperty(AbstractRepositoryManager.java:571)
2023-08-15 06:25:59,545 [ERROR] LogOutputStream:75 - [STDERR_REDIRECT] 	at org.eclipse.equinox.internal.p2.repository.helpers.AbstractRepositoryManager.loadRepository(AbstractRepositoryManager.java:703)
2023-08-15 06:25:59,545 [ERROR] LogOutputStream:75 - [STDERR_REDIRECT] 	at org.eclipse.equinox.internal.p2.metadata.repository.MetadataRepositoryManager.loadRepository(MetadataRepositoryManager.java:110)
2023-08-15 06:25:59,546 [ERROR] LogOutputStream:75 - [STDERR_REDIRECT] 	at org.eclipse.equinox.internal.p2.metadata.repository.MetadataRepositoryManager.loadRepository(MetadataRepositoryManager.java:105)
2023-08-15 06:25:59,546 [ERROR] LogOutputStream:75 - [STDERR_REDIRECT] 	at org.eclipse.equinox.internal.p2.metadata.repository.CompositeMetadataRepository.addChild(CompositeMetadataRepository.java:171)
2023-08-15 06:25:59,547 [ERROR] LogOutputStream:75 - [STDERR_REDIRECT] 	at org.eclipse.equinox.internal.p2.metadata.repository.CompositeMetadataRepository.<init>(CompositeMetadataRepository.java:113)
2023-08-15 06:25:59,548 [ERROR] LogOutputStream:75 - [STDERR_REDIRECT] 	at org.eclipse.equinox.internal.p2.metadata.repository.CompositeMetadataRepositoryFactory.load(CompositeMetadataRepositoryFactory.java:124)
2023-08-15 06:25:59,549 [ERROR] LogOutputStream:75 - [STDERR_REDIRECT] 	at org.eclipse.equinox.internal.p2.metadata.repository.MetadataRepositoryManager.factoryLoad(MetadataRepositoryManager.java:63)
2023-08-15 06:25:59,550 [ERROR] LogOutputStream:75 - [STDERR_REDIRECT] 	at org.eclipse.equinox.internal.p2.repository.helpers.AbstractRepositoryManager.loadRepository(AbstractRepositoryManager.java:787)
2023-08-15 06:25:59,551 [ERROR] LogOutputStream:75 - [STDERR_REDIRECT] 	at org.eclipse.equinox.internal.p2.repository.helpers.AbstractRepositoryManager.loadRepository(AbstractRepositoryManager.java:685)
2023-08-15 06:25:59,551 [ERROR] LogOutputStream:75 - [STDERR_REDIRECT] 	at org.eclipse.equinox.internal.p2.metadata.repository.MetadataRepositoryManager.loadRepository(MetadataRepositoryManager.java:110)
2023-08-15 06:25:59,552 [ERROR] LogOutputStream:75 - [STDERR_REDIRECT] 	at org.eclipse.equinox.internal.p2.metadata.repository.MetadataRepositoryManager.loadRepository(MetadataRepositoryManager.java:105)
2023-08-15 06:25:59,553 [ERROR] LogOutputStream:75 - [STDERR_REDIRECT] 	at org.eclipse.equinox.internal.p2.updatechecker.UpdateChecker.getAvailableRepositories(UpdateChecker.java:152)
2023-08-15 06:25:59,554 [ERROR] LogOutputStream:75 - [STDERR_REDIRECT] 	at org.eclipse.equinox.internal.p2.updatechecker.UpdateChecker.checkForUpdates(UpdateChecker.java:130)
2023-08-15 06:25:59,554 [ERROR] LogOutputStream:75 - [STDERR_REDIRECT] 	at org.eclipse.equinox.internal.p2.updatechecker.UpdateChecker$UpdateCheckThread.run(UpdateChecker.java:78)
2023-08-15 06:25:59,556 [INFO] LogOutputStream:77 - [STDOUT_REDIRECT] No repository found at https://sw-center.st.com/stm32cubeide/updatesite1.
2023-08-15 06:25:59,557 [INFO] LogOutputStream:77 - [STDOUT_REDIRECT] Exception in update check thread
2023-08-15 06:25:59,557 [ERROR] LogOutputStream:75 - [STDERR_REDIRECT] java.lang.IllegalStateException: bundle org.eclipse.equinox.p2.repositoryis not started
2023-08-15 06:25:59,558 [ERROR] LogOutputStream:75 - [STDERR_REDIRECT] 	at org.eclipse.equinox.internal.p2.repository.Activator.getContext(Activator.java:65)
2023-08-15 06:25:59,559 [ERROR] LogOutputStream:75 - [STDERR_REDIRECT] 	at org.eclipse.equinox.internal.p2.repository.helpers.AbstractRepositoryManager.getPreferences(AbstractRepositoryManager.java:506)
2023-08-15 06:25:59,561 [ERROR] LogOutputStream:75 - [STDERR_REDIRECT] 	at org.eclipse.equinox.internal.p2.repository.helpers.AbstractRepositoryManager.remember(AbstractRepositoryManager.java:896)
2023-08-15 06:25:59,562 [ERROR] LogOutputStream:75 - [STDERR_REDIRECT] 	at org.eclipse.equinox.internal.p2.repository.helpers.AbstractRepositoryManager.addRepository(AbstractRepositoryManager.java:171)
2023-08-15 06:25:59,563 [ERROR] LogOutputStream:75 - [STDERR_REDIRECT] 	at org.eclipse.equinox.internal.p2.repository.helpers.AbstractRepositoryManager.loadRepository(AbstractRepositoryManager.java:672)
2023-08-15 06:25:59,563 [ERROR] LogOutputStream:75 - [STDERR_REDIRECT] 	at org.eclipse.equinox.internal.p2.metadata.repository.MetadataRepositoryManager.loadRepository(MetadataRepositoryManager.java:110)
2023-08-15 06:25:59,564 [ERROR] LogOutputStream:75 - [STDERR_REDIRECT] 	at org.eclipse.equinox.internal.p2.metadata.repository.MetadataRepositoryManager.loadRepository(MetadataRepositoryManager.java:105)
2023-08-15 06:25:59,564 [ERROR] LogOutputStream:75 - [STDERR_REDIRECT] 	at org.eclipse.equinox.internal.p2.updatechecker.UpdateChecker.getAvailableRepositories(UpdateChecker.java:152)
2023-08-15 06:25:59,565 [ERROR] LogOutputStream:75 - [STDERR_REDIRECT] 	at org.eclipse.equinox.internal.p2.updatechecker.UpdateChecker.checkForUpdates(UpdateChecker.java:130)
2023-08-15 06:25:59,565 [ERROR] LogOutputStream:75 - [STDERR_REDIRECT] 	at org.eclipse.equinox.internal.p2.updatechecker.UpdateChecker$UpdateCheckThread.run(UpdateChecker.java:78)
2023-08-15 06:25:59,635 [ERROR] LogOutputStream:75 - [STDERR_REDIRECT] 
